2018-12-20 10:06:39,141 p=2983 u=student |  ERROR! Syntax Error while loading YAML.


The error appears to have been in '/home/student/troubleshooting/samba.yml': line 8, column 30, but may
be elsewhere in the file depending on the exact syntax problem.

The offending line appears to be:

    install_state: installed
    random_var: This is colon: test
                             ^ here

2018-12-20 10:08:59,164 p=3054 u=student |  ERROR! Syntax Error while loading YAML.


The error appears to have been in '/home/student/troubleshooting/samba.yml': line 43, column 4, but may
be elsewhere in the file depending on the exact syntax problem.

The offending line appears to be:


   - name: deliver samba config
   ^ here

2018-12-20 10:11:27,412 p=3164 u=student |  ERROR! Syntax Error while loading YAML.


The error appears to have been in '/home/student/troubleshooting/samba.yml': line 43, column 4, but may
be elsewhere in the file depending on the exact syntax problem.

The offending line appears to be:


   - name: deliver samba config
   ^ here

2018-12-20 10:11:59,838 p=3185 u=student |  ERROR! Syntax Error while loading YAML.


The error appears to have been in '/home/student/troubleshooting/samba.yml': line 44, column 14, but may
be elsewhere in the file depending on the exact syntax problem.

The offending line appears to be:

  - name: deliver samba config
     template:
             ^ here

2018-12-20 10:13:36,231 p=3206 u=student |  ERROR! Syntax Error while loading YAML.


The error appears to have been in '/home/student/troubleshooting/samba.yml': line 14, column 15, but may
be elsewhere in the file depending on the exact syntax problem.

The offending line appears to be:

      name: samba
      state: {{ install_state }}
              ^ here
We could be wrong, but this one looks like it might be an issue with
missing quotes.  Always quote template expression brackets when they
start a value. For instance:

    with_items:
      - {{ foo }}

Should be written as:

    with_items:
      - "{{ foo }}"

2018-12-20 10:15:02,404 p=3235 u=student |  ERROR! failed at splitting arguments, either an unbalanced jinja2 block or quotes: msg="The state for the samba service is {{ install_state }"

The error appears to have been in '/home/student/troubleshooting/samba.yml': line 21, column 5, but may
be elsewhere in the file depending on the exact syntax problem.

The offending line appears to be:


  - name: debug install_state variable
    ^ here

2018-12-20 10:15:41,928 p=3256 u=student |  ERROR! failed at splitting arguments, either an unbalanced jinja2 block or quotes: msg=The state for the samba service is {{ install_state }

The error appears to have been in '/home/student/troubleshooting/samba.yml': line 21, column 5, but may
be elsewhere in the file depending on the exact syntax problem.

The offending line appears to be:


  - name: debug install_state variable
    ^ here

2018-12-20 10:16:34,820 p=3269 u=student |  ERROR! failed at splitting arguments, either an unbalanced jinja2 block or quotes: msg=The state for the samba service is {{ install_state }

The error appears to have been in '/home/student/troubleshooting/samba.yml': line 21, column 5, but may
be elsewhere in the file depending on the exact syntax problem.

The offending line appears to be:


  - name: debug {{install_state}} variable
    ^ here
We could be wrong, but this one looks like it might be an issue with
missing quotes.  Always quote template expression brackets when they
start a value. For instance:

    with_items:
      - {{ foo }}

Should be written as:

    with_items:
      - "{{ foo }}"

2018-12-20 10:17:19,483 p=3291 u=student |  ERROR! failed at splitting arguments, either an unbalanced jinja2 block or quotes: msg=The state for the samba service is {{ install_state }

The error appears to have been in '/home/student/troubleshooting/samba.yml': line 21, column 5, but may
be elsewhere in the file depending on the exact syntax problem.

The offending line appears to be:


  - name: "debug {{install_state}} variable"
    ^ here
We could be wrong, but this one looks like it might be an issue with
missing quotes.  Always quote template expression brackets when they
start a value. For instance:

    with_items:
      - {{ foo }}

Should be written as:

    with_items:
      - "{{ foo }}"

2018-12-20 10:18:26,952 p=3312 u=student |  PLAY [Install a samba server] ***********************************************************************************************************************************************************
2018-12-20 10:18:27,080 p=3312 u=student |  TASK [Gathering Facts] ******************************************************************************************************************************************************************
2018-12-20 10:18:37,557 p=3312 u=student |  fatal: [servera.lab.exammple.com]: UNREACHABLE! => {"changed": false, "msg": "Failed to connect to the host via ssh: ssh: connect to host servera.lab.exammple.com port 22: Connection timed out\r\n", "unreachable": true}
2018-12-20 10:18:37,558 p=3312 u=student |  	to retry, use: --limit @/home/student/troubleshooting/samba.retry

2018-12-20 10:18:37,558 p=3312 u=student |  PLAY RECAP ******************************************************************************************************************************************************************************
2018-12-20 10:18:37,558 p=3312 u=student |  servera.lab.exammple.com   : ok=0    changed=0    unreachable=1    failed=0   
2018-12-20 10:19:41,477 p=3348 u=student |  Using /home/student/troubleshooting/ansible.cfg as config file
2018-12-20 10:19:41,636 p=3348 u=student |  PLAYBOOK: samba.yml *********************************************************************************************************************************************************************
2018-12-20 10:19:41,637 p=3348 u=student |  1 plays in samba.yml
2018-12-20 10:19:41,666 p=3348 u=student |  PLAY [Install a samba server] ***********************************************************************************************************************************************************
2018-12-20 10:19:41,718 p=3348 u=student |  TASK [Gathering Facts] ******************************************************************************************************************************************************************
2018-12-20 10:19:52,140 p=3348 u=student |  fatal: [servera.lab.exammple.com]: UNREACHABLE! => {"changed": false, "msg": "Failed to connect to the host via ssh: ssh: connect to host servera.lab.exammple.com port 22: Connection timed out\r\n", "unreachable": true}
2018-12-20 10:19:52,141 p=3348 u=student |  	to retry, use: --limit @/home/student/troubleshooting/samba.retry

2018-12-20 10:19:52,141 p=3348 u=student |  PLAY RECAP ******************************************************************************************************************************************************************************
2018-12-20 10:19:52,141 p=3348 u=student |  servera.lab.exammple.com   : ok=0    changed=0    unreachable=1    failed=0   
2018-12-20 10:20:14,240 p=3400 u=student |  Using /home/student/troubleshooting/ansible.cfg as config file
2018-12-20 10:20:14,404 p=3400 u=student |  PLAYBOOK: samba.yml *********************************************************************************************************************************************************************
2018-12-20 10:20:14,405 p=3400 u=student |  1 plays in samba.yml
2018-12-20 10:20:14,435 p=3400 u=student |  PLAY [Install a samba server] ***********************************************************************************************************************************************************
2018-12-20 10:20:14,516 p=3400 u=student |  TASK [Gathering Facts] ******************************************************************************************************************************************************************
2018-12-20 10:20:15,761 p=3400 u=student |  ok: [servera.lab.example.com]
2018-12-20 10:20:15,762 p=3400 u=student |  META: ran handlers
2018-12-20 10:20:15,765 p=3400 u=student |  TASK [install samba] ********************************************************************************************************************************************************************
2018-12-20 10:20:15,765 p=3400 u=student |  task path: /home/student/troubleshooting/samba.yml:11
2018-12-20 10:20:20,870 p=3400 u=student |  changed: [servera.lab.example.com] => {"changed": true, "msg": "", "rc": 0, "results": ["Loaded plugins: langpacks, search-disabled-repos\nResolving Dependencies\n--> Running transaction check\n---> Package samba.x86_64 0:4.4.4-9.el7 will be installed\n--> Processing Dependency: samba-common = 4.4.4-9.el7 for package: samba-4.4.4-9.el7.x86_64\n--> Processing Dependency: samba-common-libs = 4.4.4-9.el7 for package: samba-4.4.4-9.el7.x86_64\n--> Processing Dependency: samba-common-tools = 4.4.4-9.el7 for package: samba-4.4.4-9.el7.x86_64\n--> Processing Dependency: samba-client-libs = 4.4.4-9.el7 for package: samba-4.4.4-9.el7.x86_64\n--> Processing Dependency: samba-libs = 4.4.4-9.el7 for package: samba-4.4.4-9.el7.x86_64\n--> Processing Dependency: libwbclient = 4.4.4-9.el7 for package: samba-4.4.4-9.el7.x86_64\n--> Processing Dependency: libauth-samba4.so(SAMBA_4.4.4)(64bit) for package: samba-4.4.4-9.el7.x86_64\n--> Processing Dependency: libCHARSET3-samba4.so(SAMBA_4.4.4)(64bit) for package: samba-4.4.4-9.el7.x86_64\n--> Processing Dependency: libcliauth-samba4.so(SAMBA_4.4.4)(64bit) for package: samba-4.4.4-9.el7.x86_64\n--> Processing Dependency: libcli-cldap-samba4.so(SAMBA_4.4.4)(64bit) for package: samba-4.4.4-9.el7.x86_64\n--> Processing Dependency: libcli-nbt-samba4.so(SAMBA_4.4.4)(64bit) for package: samba-4.4.4-9.el7.x86_64\n--> Processing Dependency: libcli-smb-common-samba4.so(SAMBA_4.4.4)(64bit) for package: samba-4.4.4-9.el7.x86_64\n--> Processing Dependency: libdbwrap-samba4.so(SAMBA_4.4.4)(64bit) for package: samba-4.4.4-9.el7.x86_64\n--> Processing Dependency: libgenrand-samba4.so(SAMBA_4.4.4)(64bit) for package: samba-4.4.4-9.el7.x86_64\n--> Processing Dependency: libgse-samba4.so(SAMBA_4.4.4)(64bit) for package: samba-4.4.4-9.el7.x86_64\n--> Processing Dependency: liblibsmb-samba4.so(SAMBA_4.4.4)(64bit) for package: samba-4.4.4-9.el7.x86_64\n--> Processing Dependency: libmessages-dgm-samba4.so(SAMBA_4.4.4)(64bit) for package: samba-4.4.4-9.el7.x86_64\n--> Processing Dependency: libmsghdr-samba4.so(SAMBA_4.4.4)(64bit) for package: samba-4.4.4-9.el7.x86_64\n--> Processing Dependency: libndr-nbt.so.0(NDR_NBT_0.0.1)(64bit) for package: samba-4.4.4-9.el7.x86_64\n--> Processing Dependency: libndr-samba-samba4.so(SAMBA_4.4.4)(64bit) for package: samba-4.4.4-9.el7.x86_64\n--> Processing Dependency: libndr.so.0(NDR_0.0.1)(64bit) for package: samba-4.4.4-9.el7.x86_64\n--> Processing Dependency: libndr-standard.so.0(NDR_STANDARD_0.0.1)(64bit) for package: samba-4.4.4-9.el7.x86_64\n--> Processing Dependency: libpopt-samba3-samba4.so(SAMBA_4.4.4)(64bit) for package: samba-4.4.4-9.el7.x86_64\n--> Processing Dependency: libreplace-samba4.so(SAMBA_4.4.4)(64bit) for package: samba-4.4.4-9.el7.x86_64\n--> Processing Dependency: libsamba3-util-samba4.so(SAMBA_4.4.4)(64bit) for package: samba-4.4.4-9.el7.x86_64\n--> Processing Dependency: libsamba-cluster-support-samba4.so(SAMBA_4.4.4)(64bit) for package: samba-4.4.4-9.el7.x86_64\n--> Processing Dependency: libsamba-debug-samba4.so(SAMBA_4.4.4)(64bit) for package: samba-4.4.4-9.el7.x86_64\n--> Processing Dependency: libsamba-errors.so.1(SAMBA_ERRORS_1)(64bit) for package: samba-4.4.4-9.el7.x86_64\n--> Processing Dependency: libsamba-hostconfig.so.0(SAMBA_HOSTCONFIG_0.0.1)(64bit) for package: samba-4.4.4-9.el7.x86_64\n--> Processing Dependency: libsamba-passdb.so.0(SAMBA_PASSDB_0.2.0)(64bit) for package: samba-4.4.4-9.el7.x86_64\n--> Processing Dependency: libsamba-security-samba4.so(SAMBA_4.4.4)(64bit) for package: samba-4.4.4-9.el7.x86_64\n--> Processing Dependency: libsamba-sockets-samba4.so(SAMBA_4.4.4)(64bit) for package: samba-4.4.4-9.el7.x86_64\n--> Processing Dependency: libsamba-util.so.0(SAMBA_UTIL_0.0.1)(64bit) for package: samba-4.4.4-9.el7.x86_64\n--> Processing Dependency: libsecrets3-samba4.so(SAMBA_4.4.4)(64bit) for package: samba-4.4.4-9.el7.x86_64\n--> Processing Dependency: libserver-id-db-samba4.so(SAMBA_4.4.4)(64bit) for package: samba-4.4.4-9.el7.x86_64\n--> Processing Dependency: libsmbconf.so.0(SMBCONF_0)(64bit) for package: samba-4.4.4-9.el7.x86_64\n--> Processing Dependency: libsmbd-base-samba4.so(SAMBA_4.4.4)(64bit) for package: samba-4.4.4-9.el7.x86_64\n--> Processing Dependency: libsmbd-shim-samba4.so(SAMBA_4.4.4)(64bit) for package: samba-4.4.4-9.el7.x86_64\n--> Processing Dependency: libsmbregistry-samba4.so(SAMBA_4.4.4)(64bit) for package: samba-4.4.4-9.el7.x86_64\n--> Processing Dependency: libsmb-transport-samba4.so(SAMBA_4.4.4)(64bit) for package: samba-4.4.4-9.el7.x86_64\n--> Processing Dependency: libsocket-blocking-samba4.so(SAMBA_4.4.4)(64bit) for package: samba-4.4.4-9.el7.x86_64\n--> Processing Dependency: libsys-rw-samba4.so(SAMBA_4.4.4)(64bit) for package: samba-4.4.4-9.el7.x86_64\n--> Processing Dependency: libtdb.so.1(TDB_1.2.1)(64bit) for package: samba-4.4.4-9.el7.x86_64\n--> Processing Dependency: libtdb.so.1(TDB_1.2.5)(64bit) for package: samba-4.4.4-9.el7.x86_64\n--> Processing Dependency: libtevent-unix-util.so.0(TEVENT_UNIX_UTIL_0.0.1)(64bit) for package: samba-4.4.4-9.el7.x86_64\n--> Processing Dependency: libtevent-util.so.0(TEVENT_UTIL_0.0.1)(64bit) for package: samba-4.4.4-9.el7.x86_64\n--> Processing Dependency: libutil-reg-samba4.so(SAMBA_4.4.4)(64bit) for package: samba-4.4.4-9.el7.x86_64\n--> Processing Dependency: libutil-tdb-samba4.so(SAMBA_4.4.4)(64bit) for package: samba-4.4.4-9.el7.x86_64\n--> Processing Dependency: libwbclient.so.0(WBCLIENT_0.9)(64bit) for package: samba-4.4.4-9.el7.x86_64\n--> Processing Dependency: libxattr-tdb-samba4.so(SAMBA_4.4.4)(64bit) for package: samba-4.4.4-9.el7.x86_64\n--> Processing Dependency: libauth-samba4.so()(64bit) for package: samba-4.4.4-9.el7.x86_64\n--> Processing Dependency: libCHARSET3-samba4.so()(64bit) for package: samba-4.4.4-9.el7.x86_64\n--> Processing Dependency: libcliauth-samba4.so()(64bit) for package: samba-4.4.4-9.el7.x86_64\n--> Processing Dependency: libcli-cldap-samba4.so()(64bit) for package: samba-4.4.4-9.el7.x86_64\n--> Processing Dependency: libcli-nbt-samba4.so()(64bit) for package: samba-4.4.4-9.el7.x86_64\n--> Processing Dependency: libcli-smb-common-samba4.so()(64bit) for package: samba-4.4.4-9.el7.x86_64\n--> Processing Dependency: libdbwrap-samba4.so()(64bit) for package: samba-4.4.4-9.el7.x86_64\n--> Processing Dependency: libgenrand-samba4.so()(64bit) for package: samba-4.4.4-9.el7.x86_64\n--> Processing Dependency: libgse-samba4.so()(64bit) for package: samba-4.4.4-9.el7.x86_64\n--> Processing Dependency: liblibsmb-samba4.so()(64bit) for package: samba-4.4.4-9.el7.x86_64\n--> Processing Dependency: libmessages-dgm-samba4.so()(64bit) for package: samba-4.4.4-9.el7.x86_64\n--> Processing Dependency: libmsghdr-samba4.so()(64bit) for package: samba-4.4.4-9.el7.x86_64\n--> Processing Dependency: libndr-nbt.so.0()(64bit) for package: samba-4.4.4-9.el7.x86_64\n--> Processing Dependency: libndr-samba-samba4.so()(64bit) for package: samba-4.4.4-9.el7.x86_64\n--> Processing Dependency: libndr.so.0()(64bit) for package: samba-4.4.4-9.el7.x86_64\n--> Processing Dependency: libndr-standard.so.0()(64bit) for package: samba-4.4.4-9.el7.x86_64\n--> Processing Dependency: libpopt-samba3-samba4.so()(64bit) for package: samba-4.4.4-9.el7.x86_64\n--> Processing Dependency: libreplace-samba4.so()(64bit) for package: samba-4.4.4-9.el7.x86_64\n--> Processing Dependency: libsamba3-util-samba4.so()(64bit) for package: samba-4.4.4-9.el7.x86_64\n--> Processing Dependency: libsamba-cluster-support-samba4.so()(64bit) for package: samba-4.4.4-9.el7.x86_64\n--> Processing Dependency: libsamba-debug-samba4.so()(64bit) for package: samba-4.4.4-9.el7.x86_64\n--> Processing Dependency: libsamba-errors.so.1()(64bit) for package: samba-4.4.4-9.el7.x86_64\n--> Processing Dependency: libsamba-hostconfig.so.0()(64bit) for package: samba-4.4.4-9.el7.x86_64\n--> Processing Dependency: libsamba-passdb.so.0()(64bit) for package: samba-4.4.4-9.el7.x86_64\n--> Processing Dependency: libsamba-security-samba4.so()(64bit) for package: samba-4.4.4-9.el7.x86_64\n--> Processing Dependency: libsamba-sockets-samba4.so()(64bit) for package: samba-4.4.4-9.el7.x86_64\n--> Processing Dependency: libsamba-util.so.0()(64bit) for package: samba-4.4.4-9.el7.x86_64\n--> Processing Dependency: libsecrets3-samba4.so()(64bit) for package: samba-4.4.4-9.el7.x86_64\n--> Processing Dependency: libserver-id-db-samba4.so()(64bit) for package: samba-4.4.4-9.el7.x86_64\n--> Processing Dependency: libsmbconf.so.0()(64bit) for package: samba-4.4.4-9.el7.x86_64\n--> Processing Dependency: libsmbd-base-samba4.so()(64bit) for package: samba-4.4.4-9.el7.x86_64\n--> Processing Dependency: libsmbd-shim-samba4.so()(64bit) for package: samba-4.4.4-9.el7.x86_64\n--> Processing Dependency: libsmbregistry-samba4.so()(64bit) for package: samba-4.4.4-9.el7.x86_64\n--> Processing Dependency: libsmb-transport-samba4.so()(64bit) for package: samba-4.4.4-9.el7.x86_64\n--> Processing Dependency: libsocket-blocking-samba4.so()(64bit) for package: samba-4.4.4-9.el7.x86_64\n--> Processing Dependency: libsys-rw-samba4.so()(64bit) for package: samba-4.4.4-9.el7.x86_64\n--> Processing Dependency: libtdb.so.1()(64bit) for package: samba-4.4.4-9.el7.x86_64\n--> Processing Dependency: libtevent-unix-util.so.0()(64bit) for package: samba-4.4.4-9.el7.x86_64\n--> Processing Dependency: libtevent-util.so.0()(64bit) for package: samba-4.4.4-9.el7.x86_64\n--> Processing Dependency: libutil-reg-samba4.so()(64bit) for package: samba-4.4.4-9.el7.x86_64\n--> Processing Dependency: libutil-tdb-samba4.so()(64bit) for package: samba-4.4.4-9.el7.x86_64\n--> Processing Dependency: libwbclient.so.0()(64bit) for package: samba-4.4.4-9.el7.x86_64\n--> Processing Dependency: libxattr-tdb-samba4.so()(64bit) for package: samba-4.4.4-9.el7.x86_64\n--> Running transaction check\n---> Package libtdb.x86_64 0:1.3.8-1.el7_2 will be installed\n---> Package libwbclient.x86_64 0:4.4.4-9.el7 will be installed\n---> Package samba-client-libs.x86_64 0:4.4.4-9.el7 will be installed\n--> Processing Dependency: libldb.so.1(LDB_0.9.10)(64bit) for package: samba-client-libs-4.4.4-9.el7.x86_64\n--> Processing Dependency: libldb.so.1(LDB_0.9.15)(64bit) for package: samba-client-libs-4.4.4-9.el7.x86_64\n--> Processing Dependency: libldb.so.1(LDB_0.9.23)(64bit) for package: samba-client-libs-4.4.4-9.el7.x86_64\n--> Processing Dependency: libldb.so.1(LDB_1.1.1)(64bit) for package: samba-client-libs-4.4.4-9.el7.x86_64\n--> Processing Dependency: libldb.so.1(LDB_1.1.19)(64bit) for package: samba-client-libs-4.4.4-9.el7.x86_64\n--> Processing Dependency: libcups.so.2()(64bit) for package: samba-client-libs-4.4.4-9.el7.x86_64\n--> Processing Dependency: libldb.so.1()(64bit) for package: samba-client-libs-4.4.4-9.el7.x86_64\n---> Package samba-common.noarch 0:4.4.4-9.el7 will be installed\n---> Package samba-common-libs.x86_64 0:4.4.4-9.el7 will be installed\n---> Package samba-common-tools.x86_64 0:4.4.4-9.el7 will be installed\n---> Package samba-libs.x86_64 0:4.4.4-9.el7 will be installed\n--> Processing Dependency: libpytalloc-util.so.2(PYTALLOC_UTIL_2.0.6)(64bit) for package: samba-libs-4.4.4-9.el7.x86_64\n--> Processing Dependency: libpytalloc-util.so.2(PYTALLOC_UTIL_2.1.6)(64bit) for package: samba-libs-4.4.4-9.el7.x86_64\n--> Processing Dependency: libpytalloc-util.so.2()(64bit) for package: samba-libs-4.4.4-9.el7.x86_64\n--> Running transaction check\n---> Package cups-libs.x86_64 1:1.6.3-26.el7 will be installed\n--> Processing Dependency: libavahi-client.so.3()(64bit) for package: 1:cups-libs-1.6.3-26.el7.x86_64\n--> Processing Dependency: libavahi-common.so.3()(64bit) for package: 1:cups-libs-1.6.3-26.el7.x86_64\n---> Package libldb.x86_64 0:1.1.26-1.el7 will be installed\n---> Package pytalloc.x86_64 0:2.1.6-1.el7 will be installed\n--> Running transaction check\n---> Package avahi-libs.x86_64 0:0.6.31-17.el7 will be installed\n--> Finished Dependency Resolution\n\nDependencies Resolved\n\n================================================================================\n Package                 Arch        Version                Repository     Size\n================================================================================\nInstalling:\n samba                   x86_64      4.4.4-9.el7            rhel_dvd      609 k\nInstalling for dependencies:\n avahi-libs              x86_64      0.6.31-17.el7          rhel_dvd       61 k\n cups-libs               x86_64      1:1.6.3-26.el7         rhel_dvd      356 k\n libldb                  x86_64      1.1.26-1.el7           rhel_dvd      125 k\n libtdb                  x86_64      1.3.8-1.el7_2          rhel_dvd       45 k\n libwbclient             x86_64      4.4.4-9.el7            rhel_dvd       99 k\n pytalloc                x86_64      2.1.6-1.el7            rhel_dvd       15 k\n samba-client-libs       x86_64      4.4.4-9.el7            rhel_dvd      4.6 M\n samba-common            noarch      4.4.4-9.el7            rhel_dvd      190 k\n samba-common-libs       x86_64      4.4.4-9.el7            rhel_dvd      160 k\n samba-common-tools      x86_64      4.4.4-9.el7            rhel_dvd      450 k\n samba-libs              x86_64      4.4.4-9.el7            rhel_dvd      260 k\n\nTransaction Summary\n================================================================================\nInstall  1 Package (+11 Dependent packages)\n\nTotal download size: 6.9 M\nInstalled size: 23 M\nDownloading packages:\n--------------------------------------------------------------------------------\nTotal                                               39 MB/s | 6.9 MB  00:00     \nRunning transaction check\nRunning transaction test\nTransaction test succeeded\nRunning transaction\n  Installing : libtdb-1.3.8-1.el7_2.x86_64                                 1/12 \n  Installing : samba-common-4.4.4-9.el7.noarch                             2/12 \n  Installing : libldb-1.1.26-1.el7.x86_64                                  3/12 \n  Installing : pytalloc-2.1.6-1.el7.x86_64                                 4/12 \n  Installing : avahi-libs-0.6.31-17.el7.x86_64                             5/12 \n  Installing : 1:cups-libs-1.6.3-26.el7.x86_64                             6/12 \n  Installing : libwbclient-4.4.4-9.el7.x86_64                              7/12 \n  Installing : samba-client-libs-4.4.4-9.el7.x86_64                        8/12 \n  Installing : samba-common-libs-4.4.4-9.el7.x86_64                        9/12 \n  Installing : samba-libs-4.4.4-9.el7.x86_64                              10/12 \n  Installing : samba-common-tools-4.4.4-9.el7.x86_64                      11/12 \n  Installing : samba-4.4.4-9.el7.x86_64                                   12/12 \n  Verifying  : libtdb-1.3.8-1.el7_2.x86_64                                 1/12 \n  Verifying  : samba-client-libs-4.4.4-9.el7.x86_64                        2/12 \n  Verifying  : avahi-libs-0.6.31-17.el7.x86_64                             3/12 \n  Verifying  : samba-common-tools-4.4.4-9.el7.x86_64                       4/12 \n  Verifying  : samba-common-4.4.4-9.el7.noarch                             5/12 \n  Verifying  : samba-4.4.4-9.el7.x86_64                                    6/12 \n  Verifying  : libldb-1.1.26-1.el7.x86_64                                  7/12 \n  Verifying  : libwbclient-4.4.4-9.el7.x86_64                              8/12 \n  Verifying  : 1:cups-libs-1.6.3-26.el7.x86_64                             9/12 \n  Verifying  : samba-common-libs-4.4.4-9.el7.x86_64                       10/12 \n  Verifying  : pytalloc-2.1.6-1.el7.x86_64                                11/12 \n  Verifying  : samba-libs-4.4.4-9.el7.x86_64                              12/12 \n\nInstalled:\n  samba.x86_64 0:4.4.4-9.el7                                                    \n\nDependency Installed:\n  avahi-libs.x86_64 0:0.6.31-17.el7                                             \n  cups-libs.x86_64 1:1.6.3-26.el7                                               \n  libldb.x86_64 0:1.1.26-1.el7                                                  \n  libtdb.x86_64 0:1.3.8-1.el7_2                                                 \n  libwbclient.x86_64 0:4.4.4-9.el7                                              \n  pytalloc.x86_64 0:2.1.6-1.el7                                                 \n  samba-client-libs.x86_64 0:4.4.4-9.el7                                        \n  samba-common.noarch 0:4.4.4-9.el7                                             \n  samba-common-libs.x86_64 0:4.4.4-9.el7                                        \n  samba-common-tools.x86_64 0:4.4.4-9.el7                                       \n  samba-libs.x86_64 0:4.4.4-9.el7                                               \n\nComplete!\n"]}
2018-12-20 10:20:20,874 p=3400 u=student |  TASK [install firewalld] ****************************************************************************************************************************************************************
2018-12-20 10:20:20,874 p=3400 u=student |  task path: /home/student/troubleshooting/samba.yml:16
2018-12-20 10:20:21,386 p=3400 u=student |  ok: [servera.lab.example.com] => {"changed": false, "msg": "", "rc": 0, "results": ["firewalld-0.4.3.2-8.el7.noarch providing firewalld is already installed"]}
2018-12-20 10:20:21,392 p=3400 u=student |  TASK [debug installed variable] *********************************************************************************************************************************************************
2018-12-20 10:20:21,392 p=3400 u=student |  task path: /home/student/troubleshooting/samba.yml:21
2018-12-20 10:20:21,413 p=3400 u=student |  fatal: [servera.lab.example.com]: FAILED! => {"failed": true, "msg": "template error while templating string: unexpected '}'. String: The state for the samba service is {{ install_state }"}
2018-12-20 10:20:21,419 p=3400 u=student |  	to retry, use: --limit @/home/student/troubleshooting/samba.retry

2018-12-20 10:20:21,420 p=3400 u=student |  PLAY RECAP ******************************************************************************************************************************************************************************
2018-12-20 10:20:21,421 p=3400 u=student |  servera.lab.example.com    : ok=3    changed=1    unreachable=0    failed=1   
2018-12-20 10:22:02,128 p=3499 u=student |  Using /home/student/troubleshooting/ansible.cfg as config file
2018-12-20 10:22:02,296 p=3499 u=student |  PLAYBOOK: samba.yml *********************************************************************************************************************************************************************
2018-12-20 10:22:02,298 p=3499 u=student |  1 plays in samba.yml
2018-12-20 10:22:02,342 p=3499 u=student |  PLAY [Install a samba server] ***********************************************************************************************************************************************************
2018-12-20 10:22:02,400 p=3499 u=student |  TASK [Gathering Facts] ******************************************************************************************************************************************************************
2018-12-20 10:22:03,508 p=3499 u=student |  ok: [servera.lab.example.com]
2018-12-20 10:22:03,509 p=3499 u=student |  META: ran handlers
2018-12-20 10:22:03,512 p=3499 u=student |  TASK [install samba] ********************************************************************************************************************************************************************
2018-12-20 10:22:03,512 p=3499 u=student |  task path: /home/student/troubleshooting/samba.yml:11
2018-12-20 10:22:04,203 p=3499 u=student |  ok: [servera.lab.example.com] => {"changed": false, "msg": "", "rc": 0, "results": ["samba-4.4.4-9.el7.x86_64 providing samba is already installed"]}
2018-12-20 10:22:04,206 p=3499 u=student |  TASK [install firewalld] ****************************************************************************************************************************************************************
2018-12-20 10:22:04,207 p=3499 u=student |  task path: /home/student/troubleshooting/samba.yml:16
2018-12-20 10:22:04,711 p=3499 u=student |  ok: [servera.lab.example.com] => {"changed": false, "msg": "", "rc": 0, "results": ["firewalld-0.4.3.2-8.el7.noarch providing firewalld is already installed"]}
2018-12-20 10:22:04,717 p=3499 u=student |  TASK [debug installed variable] *********************************************************************************************************************************************************
2018-12-20 10:22:04,717 p=3499 u=student |  task path: /home/student/troubleshooting/samba.yml:21
2018-12-20 10:22:04,730 p=3499 u=student |  fatal: [servera.lab.example.com]: FAILED! => {"failed": true, "msg": "template error while templating string: unexpected '}'. String: The state for the samba service is {{ install_state }"}
2018-12-20 10:22:04,733 p=3499 u=student |  	to retry, use: --limit @/home/student/troubleshooting/samba.retry

2018-12-20 10:22:04,733 p=3499 u=student |  PLAY RECAP ******************************************************************************************************************************************************************************
2018-12-20 10:22:04,733 p=3499 u=student |  servera.lab.example.com    : ok=3    changed=0    unreachable=0    failed=1   
2018-12-20 10:22:42,976 p=3554 u=student |  Using /home/student/troubleshooting/ansible.cfg as config file
2018-12-20 10:22:43,152 p=3554 u=student |  PLAYBOOK: samba.yml *********************************************************************************************************************************************************************
2018-12-20 10:22:43,153 p=3554 u=student |  1 plays in samba.yml
2018-12-20 10:22:43,183 p=3554 u=student |  PLAY [Install a samba server] ***********************************************************************************************************************************************************
2018-12-20 10:22:43,234 p=3554 u=student |  TASK [Gathering Facts] ******************************************************************************************************************************************************************
2018-12-20 10:22:43,967 p=3554 u=student |  ok: [servera.lab.example.com]
2018-12-20 10:22:43,967 p=3554 u=student |  META: ran handlers
2018-12-20 10:22:43,971 p=3554 u=student |  TASK [install samba] ********************************************************************************************************************************************************************
2018-12-20 10:22:43,971 p=3554 u=student |  task path: /home/student/troubleshooting/samba.yml:11
2018-12-20 10:22:44,704 p=3554 u=student |  ok: [servera.lab.example.com] => {"changed": false, "msg": "", "rc": 0, "results": ["samba-4.4.4-9.el7.x86_64 providing samba is already installed"]}
2018-12-20 10:22:44,708 p=3554 u=student |  TASK [install firewalld] ****************************************************************************************************************************************************************
2018-12-20 10:22:44,708 p=3554 u=student |  task path: /home/student/troubleshooting/samba.yml:16
2018-12-20 10:22:45,242 p=3554 u=student |  ok: [servera.lab.example.com] => {"changed": false, "msg": "", "rc": 0, "results": ["firewalld-0.4.3.2-8.el7.noarch providing firewalld is already installed"]}
2018-12-20 10:22:45,247 p=3554 u=student |  TASK [debug installed variable] *********************************************************************************************************************************************************
2018-12-20 10:22:45,247 p=3554 u=student |  task path: /home/student/troubleshooting/samba.yml:21
2018-12-20 10:22:45,268 p=3554 u=student |  ok: [servera.lab.example.com] => {
    "msg": "The state for the samba service is installed"
}
2018-12-20 10:22:45,273 p=3554 u=student |  TASK [start samba] **********************************************************************************************************************************************************************
2018-12-20 10:22:45,274 p=3554 u=student |  task path: /home/student/troubleshooting/samba.yml:25
2018-12-20 10:22:45,980 p=3554 u=student |  changed: [servera.lab.example.com] => {"changed": true, "enabled": true, "name": "smb", "state": "started", "status": {"ActiveEnterTimestampMonotonic": "0", "ActiveExitTimestampMonotonic": "0", "ActiveState": "inactive", "After": "syslog.target systemd-journald.socket basic.target network.target system.slice winbind.service nmb.service", "AllowIsolate": "no", "AssertResult": "no", "AssertTimestampMonotonic": "0", "Before": "shutdown.target", "BlockIOAccounting": "no", "BlockIOWeight": "18446744073709551615", "CPUAccounting": "no", "CPUQuotaPerSecUSec": "infinity", "CPUSchedulingPolicy": "0", "CPUSchedulingPriority": "0", "CPUSchedulingResetOnFork": "no", "CPUShares": "18446744073709551615", "CanIsolate": "no", "CanReload": "yes", "CanStart": "yes", "CanStop": "yes", "CapabilityBoundingSet": "18446744073709551615", "ConditionResult": "no", "ConditionTimestampMonotonic": "0", "Conflicts": "shutdown.target", "ControlPID": "0", "DefaultDependencies": "yes", "Delegate": "no", "Description": "Samba SMB Daemon", "DevicePolicy": "auto", "Environment": "KRB5CCNAME=FILE:/run/samba/krb5cc_samba", "EnvironmentFile": "/etc/sysconfig/samba (ignore_errors=yes)", "ExecMainCode": "0", "ExecMainExitTimestampMonotonic": "0", "ExecMainPID": "0", "ExecMainStartTimestampMonotonic": "0", "ExecMainStatus": "0", "ExecReload": "{ path=/usr/bin/kill ; argv[]=/usr/bin/kill -HUP $MAINPID ; ignore_errors=no ; start_time=[n/a] ; stop_time=[n/a] ; pid=0 ; code=(null) ; status=0/0 }", "ExecStart": "{ path=/usr/sbin/smbd ; argv[]=/usr/sbin/smbd $SMBDOPTIONS ; ignore_errors=no ; start_time=[n/a] ; stop_time=[n/a] ; pid=0 ; code=(null) ; status=0/0 }", "FailureAction": "none", "FileDescriptorStoreMax": "0", "FragmentPath": "/usr/lib/systemd/system/smb.service", "GuessMainPID": "yes", "IOScheduling": "0", "Id": "smb.service", "IgnoreOnIsolate": "no", "IgnoreOnSnapshot": "no", "IgnoreSIGPIPE": "yes", "InactiveEnterTimestampMonotonic": "0", "InactiveExitTimestampMonotonic": "0", "JobTimeoutAction": "none", "JobTimeoutUSec": "0", "KillMode": "control-group", "KillSignal": "15", "LimitAS": "18446744073709551615", "LimitCORE": "18446744073709551615", "LimitCPU": "18446744073709551615", "LimitDATA": "18446744073709551615", "LimitFSIZE": "18446744073709551615", "LimitLOCKS": "18446744073709551615", "LimitMEMLOCK": "65536", "LimitMSGQUEUE": "819200", "LimitNICE": "0", "LimitNOFILE": "16384", "LimitNPROC": "1801", "LimitRSS": "18446744073709551615", "LimitRTPRIO": "0", "LimitRTTIME": "18446744073709551615", "LimitSIGPENDING": "1801", "LimitSTACK": "18446744073709551615", "LoadState": "loaded", "MainPID": "0", "MemoryAccounting": "no", "MemoryCurrent": "18446744073709551615", "MemoryLimit": "18446744073709551615", "MountFlags": "0", "Names": "smb.service", "NeedDaemonReload": "no", "Nice": "0", "NoNewPrivileges": "no", "NonBlocking": "no", "NotifyAccess": "all", "OOMScoreAdjust": "0", "OnFailureJobMode": "replace", "PIDFile": "/run/smbd.pid", "PermissionsStartOnly": "no", "PrivateDevices": "no", "PrivateNetwork": "no", "PrivateTmp": "no", "ProtectHome": "no", "ProtectSystem": "no", "RefuseManualStart": "no", "RefuseManualStop": "no", "RemainAfterExit": "no", "Requires": "basic.target", "Restart": "no", "RestartUSec": "100ms", "Result": "success", "RootDirectoryStartOnly": "no", "RuntimeDirectoryMode": "0755", "SameProcessGroup": "no", "SecureBits": "0", "SendSIGHUP": "no", "SendSIGKILL": "yes", "Slice": "system.slice", "StandardError": "inherit", "StandardInput": "null", "StandardOutput": "journal", "StartLimitAction": "none", "StartLimitBurst": "5", "StartLimitInterval": "10000000", "StartupBlockIOWeight": "18446744073709551615", "StartupCPUShares": "18446744073709551615", "StatusErrno": "0", "StopWhenUnneeded": "no", "SubState": "dead", "SyslogLevelPrefix": "yes", "SyslogPriority": "30", "SystemCallErrorNumber": "0", "TTYReset": "no", "TTYVHangup": "no", "TTYVTDisallocate": "no", "TimeoutStartUSec": "1min 30s", "TimeoutStopUSec": "1min 30s", "TimerSlackNSec": "50000", "Transient": "no", "Type": "notify", "UMask": "0022", "UnitFilePreset": "disabled", "UnitFileState": "disabled", "Wants": "system.slice", "WatchdogTimestampMonotonic": "0", "WatchdogUSec": "0"}}
2018-12-20 10:22:45,984 p=3554 u=student |  TASK [start firewalld] ******************************************************************************************************************************************************************
2018-12-20 10:22:45,984 p=3554 u=student |  task path: /home/student/troubleshooting/samba.yml:31
2018-12-20 10:22:46,313 p=3554 u=student |  ok: [servera.lab.example.com] => {"changed": false, "enabled": true, "name": "firewalld", "state": "started", "status": {"ActiveEnterTimestamp": "Thu 2018-12-20 09:07:08 CET", "ActiveEnterTimestampMonotonic": "7191038", "ActiveExitTimestampMonotonic": "0", "ActiveState": "active", "After": "basic.target system.slice dbus.service polkit.service", "AllowIsolate": "no", "AssertResult": "yes", "AssertTimestamp": "Thu 2018-12-20 09:07:06 CET", "AssertTimestampMonotonic": "5937066", "Before": "shutdown.target libvirtd.service network.target NetworkManager.service", "BlockIOAccounting": "no", "BlockIOWeight": "18446744073709551615", "BusName": "org.fedoraproject.FirewallD1", "CPUAccounting": "no", "CPUQuotaPerSecUSec": "infinity", "CPUSchedulingPolicy": "0", "CPUSchedulingPriority": "0", "CPUSchedulingResetOnFork": "no", "CPUShares": "18446744073709551615", "CanIsolate": "no", "CanReload": "yes", "CanStart": "yes", "CanStop": "yes", "CapabilityBoundingSet": "18446744073709551615", "ConditionResult": "yes", "ConditionTimestamp": "Thu 2018-12-20 09:07:06 CET", "ConditionTimestampMonotonic": "5937065", "Conflicts": "ebtables.service shutdown.target ip6tables.service iptables.service ipset.service", "ControlGroup": "/system.slice/firewalld.service", "ControlPID": "0", "DefaultDependencies": "yes", "Delegate": "no", "Description": "firewalld - dynamic firewall daemon", "DevicePolicy": "auto", "Documentation": "man:firewalld(1)", "EnvironmentFile": "/etc/sysconfig/firewalld (ignore_errors=yes)", "ExecMainCode": "0", "ExecMainExitTimestampMonotonic": "0", "ExecMainPID": "540", "ExecMainStartTimestamp": "Thu 2018-12-20 09:07:06 CET", "ExecMainStartTimestampMonotonic": "5941592", "ExecMainStatus": "0", "ExecReload": "{ path=/bin/kill ; argv[]=/bin/kill -HUP $MAINPID ; ignore_errors=no ; start_time=[n/a] ; stop_time=[n/a] ; pid=0 ; code=(null) ; status=0/0 }", "ExecStart": "{ path=/usr/sbin/firewalld ; argv[]=/usr/sbin/firewalld --nofork --nopid $FIREWALLD_ARGS ; ignore_errors=no ; start_time=[n/a] ; stop_time=[n/a] ; pid=0 ; code=(null) ; status=0/0 }", "FailureAction": "none", "FileDescriptorStoreMax": "0", "FragmentPath": "/usr/lib/systemd/system/firewalld.service", "GuessMainPID": "yes", "IOScheduling": "0", "Id": "firewalld.service", "IgnoreOnIsolate": "no", "IgnoreOnSnapshot": "no", "IgnoreSIGPIPE": "yes", "InactiveEnterTimestampMonotonic": "0", "InactiveExitTimestamp": "Thu 2018-12-20 09:07:06 CET", "InactiveExitTimestampMonotonic": "5941647", "JobTimeoutAction": "none", "JobTimeoutUSec": "0", "KillMode": "control-group", "KillSignal": "15", "LimitAS": "18446744073709551615", "LimitCORE": "18446744073709551615", "LimitCPU": "18446744073709551615", "LimitDATA": "18446744073709551615", "LimitFSIZE": "18446744073709551615", "LimitLOCKS": "18446744073709551615", "LimitMEMLOCK": "65536", "LimitMSGQUEUE": "819200", "LimitNICE": "0", "LimitNOFILE": "4096", "LimitNPROC": "1801", "LimitRSS": "18446744073709551615", "LimitRTPRIO": "0", "LimitRTTIME": "18446744073709551615", "LimitSIGPENDING": "1801", "LimitSTACK": "18446744073709551615", "LoadState": "loaded", "MainPID": "540", "MemoryAccounting": "no", "MemoryCurrent": "18446744073709551615", "MemoryLimit": "18446744073709551615", "MountFlags": "0", "Names": "firewalld.service", "NeedDaemonReload": "no", "Nice": "0", "NoNewPrivileges": "no", "NonBlocking": "no", "NotifyAccess": "none", "OOMScoreAdjust": "0", "OnFailureJobMode": "replace", "PermissionsStartOnly": "no", "PrivateDevices": "no", "PrivateNetwork": "no", "PrivateTmp": "no", "ProtectHome": "no", "ProtectSystem": "no", "RefuseManualStart": "no", "RefuseManualStop": "no", "RemainAfterExit": "no", "Requires": "basic.target", "Restart": "no", "RestartUSec": "100ms", "Result": "success", "RootDirectoryStartOnly": "no", "RuntimeDirectoryMode": "0755", "SameProcessGroup": "no", "SecureBits": "0", "SendSIGHUP": "no", "SendSIGKILL": "yes", "Slice": "system.slice", "StandardError": "null", "StandardInput": "null", "StandardOutput": "null", "StartLimitAction": "none", "StartLimitBurst": "5", "StartLimitInterval": "10000000", "StartupBlockIOWeight": "18446744073709551615", "StartupCPUShares": "18446744073709551615", "StatusErrno": "0", "StopWhenUnneeded": "no", "SubState": "running", "SyslogLevelPrefix": "yes", "SyslogPriority": "30", "SystemCallErrorNumber": "0", "TTYReset": "no", "TTYVHangup": "no", "TTYVTDisallocate": "no", "TimeoutStartUSec": "1min 30s", "TimeoutStopUSec": "1min 30s", "TimerSlackNSec": "50000", "Transient": "no", "Type": "dbus", "UMask": "0022", "UnitFilePreset": "enabled", "UnitFileState": "enabled", "WantedBy": "basic.target", "Wants": "system.slice", "WatchdogTimestamp": "Thu 2018-12-20 09:07:08 CET", "WatchdogTimestampMonotonic": "7190929", "WatchdogUSec": "0"}}
2018-12-20 10:22:46,318 p=3554 u=student |  TASK [configure firewall for samba] *****************************************************************************************************************************************************
2018-12-20 10:22:46,318 p=3554 u=student |  task path: /home/student/troubleshooting/samba.yml:37
2018-12-20 10:22:47,204 p=3554 u=student |  changed: [servera.lab.example.com] => {"changed": true, "msg": "Permanent and Non-Permanent(immediate) operation, Changed service samba to enabled"}
2018-12-20 10:22:47,208 p=3554 u=student |  TASK [deliver samba config] *************************************************************************************************************************************************************
2018-12-20 10:22:47,208 p=3554 u=student |  task path: /home/student/troubleshooting/samba.yml:44
2018-12-20 10:22:47,228 p=3554 u=student |  fatal: [servera.lab.example.com]: FAILED! => {"changed": false, "failed": true, "msg": "Unable to find 'samba.j2' in expected paths."}
2018-12-20 10:22:47,229 p=3554 u=student |  	to retry, use: --limit @/home/student/troubleshooting/samba.retry

2018-12-20 10:22:47,229 p=3554 u=student |  PLAY RECAP ******************************************************************************************************************************************************************************
2018-12-20 10:22:47,230 p=3554 u=student |  servera.lab.example.com    : ok=7    changed=2    unreachable=0    failed=1   
2018-12-20 10:23:07,163 p=3633 u=student |  Using /home/student/troubleshooting/ansible.cfg as config file
2018-12-20 10:23:07,336 p=3633 u=student |  PLAYBOOK: samba.yml *********************************************************************************************************************************************************************
2018-12-20 10:23:07,337 p=3633 u=student |  1 plays in samba.yml
2018-12-20 10:23:07,366 p=3633 u=student |  PLAY [Install a samba server] ***********************************************************************************************************************************************************
2018-12-20 10:23:07,419 p=3633 u=student |  TASK [Gathering Facts] ******************************************************************************************************************************************************************
2018-12-20 10:23:08,158 p=3633 u=student |  ok: [servera.lab.example.com]
2018-12-20 10:23:08,159 p=3633 u=student |  META: ran handlers
2018-12-20 10:23:08,162 p=3633 u=student |  TASK [install samba] ********************************************************************************************************************************************************************
2018-12-20 10:23:08,162 p=3633 u=student |  task path: /home/student/troubleshooting/samba.yml:11
2018-12-20 10:23:08,832 p=3633 u=student |  ok: [servera.lab.example.com] => {"changed": false, "msg": "", "rc": 0, "results": ["samba-4.4.4-9.el7.x86_64 providing samba is already installed"]}
2018-12-20 10:23:08,837 p=3633 u=student |  TASK [install firewalld] ****************************************************************************************************************************************************************
2018-12-20 10:23:08,837 p=3633 u=student |  task path: /home/student/troubleshooting/samba.yml:16
2018-12-20 10:23:09,359 p=3633 u=student |  ok: [servera.lab.example.com] => {"changed": false, "msg": "", "rc": 0, "results": ["firewalld-0.4.3.2-8.el7.noarch providing firewalld is already installed"]}
2018-12-20 10:23:09,365 p=3633 u=student |  TASK [debug installed variable] *********************************************************************************************************************************************************
2018-12-20 10:23:09,365 p=3633 u=student |  task path: /home/student/troubleshooting/samba.yml:21
2018-12-20 10:23:09,388 p=3633 u=student |  ok: [servera.lab.example.com] => {
    "msg": "The state for the samba service is installed"
}
2018-12-20 10:23:09,396 p=3633 u=student |  TASK [start samba] **********************************************************************************************************************************************************************
2018-12-20 10:23:09,397 p=3633 u=student |  task path: /home/student/troubleshooting/samba.yml:25
2018-12-20 10:23:09,950 p=3633 u=student |  ok: [servera.lab.example.com] => {"changed": false, "enabled": true, "name": "smb", "state": "started", "status": {"ActiveEnterTimestamp": "Thu 2018-12-20 10:22:45 CET", "ActiveEnterTimestampMonotonic": "4545044329", "ActiveExitTimestampMonotonic": "0", "ActiveState": "active", "After": "nmb.service basic.target network.target winbind.service systemd-journald.socket syslog.target system.slice", "AllowIsolate": "no", "AssertResult": "yes", "AssertTimestamp": "Thu 2018-12-20 10:22:45 CET", "AssertTimestampMonotonic": "4544870866", "Before": "multi-user.target shutdown.target", "BlockIOAccounting": "no", "BlockIOWeight": "18446744073709551615", "CPUAccounting": "no", "CPUQuotaPerSecUSec": "infinity", "CPUSchedulingPolicy": "0", "CPUSchedulingPriority": "0", "CPUSchedulingResetOnFork": "no", "CPUShares": "18446744073709551615", "CanIsolate": "no", "CanReload": "yes", "CanStart": "yes", "CanStop": "yes", "CapabilityBoundingSet": "18446744073709551615", "ConditionResult": "yes", "ConditionTimestamp": "Thu 2018-12-20 10:22:45 CET", "ConditionTimestampMonotonic": "4544870866", "Conflicts": "shutdown.target", "ControlGroup": "/system.slice/smb.service", "ControlPID": "0", "DefaultDependencies": "yes", "Delegate": "no", "Description": "Samba SMB Daemon", "DevicePolicy": "auto", "Environment": "KRB5CCNAME=FILE:/run/samba/krb5cc_samba", "EnvironmentFile": "/etc/sysconfig/samba (ignore_errors=yes)", "ExecMainCode": "0", "ExecMainExitTimestampMonotonic": "0", "ExecMainPID": "2469", "ExecMainStartTimestamp": "Thu 2018-12-20 10:22:45 CET", "ExecMainStartTimestampMonotonic": "4544918697", "ExecMainStatus": "0", "ExecReload": "{ path=/usr/bin/kill ; argv[]=/usr/bin/kill -HUP $MAINPID ; ignore_errors=no ; start_time=[n/a] ; stop_time=[n/a] ; pid=0 ; code=(null) ; status=0/0 }", "ExecStart": "{ path=/usr/sbin/smbd ; argv[]=/usr/sbin/smbd $SMBDOPTIONS ; ignore_errors=no ; start_time=[Thu 2018-12-20 10:22:45 CET] ; stop_time=[n/a] ; pid=2467 ; code=(null) ; status=0/0 }", "FailureAction": "none", "FileDescriptorStoreMax": "0", "FragmentPath": "/usr/lib/systemd/system/smb.service", "GuessMainPID": "yes", "IOScheduling": "0", "Id": "smb.service", "IgnoreOnIsolate": "no", "IgnoreOnSnapshot": "no", "IgnoreSIGPIPE": "yes", "InactiveEnterTimestampMonotonic": "0", "InactiveExitTimestamp": "Thu 2018-12-20 10:22:45 CET", "InactiveExitTimestampMonotonic": "4544872277", "JobTimeoutAction": "none", "JobTimeoutUSec": "0", "KillMode": "control-group", "KillSignal": "15", "LimitAS": "18446744073709551615", "LimitCORE": "18446744073709551615", "LimitCPU": "18446744073709551615", "LimitDATA": "18446744073709551615", "LimitFSIZE": "18446744073709551615", "LimitLOCKS": "18446744073709551615", "LimitMEMLOCK": "65536", "LimitMSGQUEUE": "819200", "LimitNICE": "0", "LimitNOFILE": "16384", "LimitNPROC": "1801", "LimitRSS": "18446744073709551615", "LimitRTPRIO": "0", "LimitRTTIME": "18446744073709551615", "LimitSIGPENDING": "1801", "LimitSTACK": "18446744073709551615", "LoadState": "loaded", "MainPID": "2469", "MemoryAccounting": "no", "MemoryCurrent": "18446744073709551615", "MemoryLimit": "18446744073709551615", "MountFlags": "0", "Names": "smb.service", "NeedDaemonReload": "no", "Nice": "0", "NoNewPrivileges": "no", "NonBlocking": "no", "NotifyAccess": "all", "OOMScoreAdjust": "0", "OnFailureJobMode": "replace", "PIDFile": "/run/smbd.pid", "PermissionsStartOnly": "no", "PrivateDevices": "no", "PrivateNetwork": "no", "PrivateTmp": "no", "ProtectHome": "no", "ProtectSystem": "no", "RefuseManualStart": "no", "RefuseManualStop": "no", "RemainAfterExit": "no", "Requires": "basic.target", "Restart": "no", "RestartUSec": "100ms", "Result": "success", "RootDirectoryStartOnly": "no", "RuntimeDirectoryMode": "0755", "SameProcessGroup": "no", "SecureBits": "0", "SendSIGHUP": "no", "SendSIGKILL": "yes", "Slice": "system.slice", "StandardError": "inherit", "StandardInput": "null", "StandardOutput": "journal", "StartLimitAction": "none", "StartLimitBurst": "5", "StartLimitInterval": "10000000", "StartupBlockIOWeight": "18446744073709551615", "StartupCPUShares": "18446744073709551615", "StatusErrno": "0", "StatusText": "smbd: ready to serve connections...", "StopWhenUnneeded": "no", "SubState": "running", "SyslogLevelPrefix": "yes", "SyslogPriority": "30", "SystemCallErrorNumber": "0", "TTYReset": "no", "TTYVHangup": "no", "TTYVTDisallocate": "no", "TimeoutStartUSec": "1min 30s", "TimeoutStopUSec": "1min 30s", "TimerSlackNSec": "50000", "Transient": "no", "Type": "notify", "UMask": "0022", "UnitFilePreset": "disabled", "UnitFileState": "enabled", "WantedBy": "multi-user.target", "Wants": "system.slice", "WatchdogTimestamp": "Thu 2018-12-20 10:22:45 CET", "WatchdogTimestampMonotonic": "4545044254", "WatchdogUSec": "0"}}
2018-12-20 10:23:09,953 p=3633 u=student |  TASK [start firewalld] ******************************************************************************************************************************************************************
2018-12-20 10:23:09,954 p=3633 u=student |  task path: /home/student/troubleshooting/samba.yml:31
2018-12-20 10:23:10,305 p=3633 u=student |  ok: [servera.lab.example.com] => {"changed": false, "enabled": true, "name": "firewalld", "state": "started", "status": {"ActiveEnterTimestamp": "Thu 2018-12-20 09:07:08 CET", "ActiveEnterTimestampMonotonic": "7191038", "ActiveExitTimestampMonotonic": "0", "ActiveState": "active", "After": "basic.target system.slice dbus.service polkit.service", "AllowIsolate": "no", "AssertResult": "yes", "AssertTimestamp": "Thu 2018-12-20 09:07:06 CET", "AssertTimestampMonotonic": "5937066", "Before": "shutdown.target libvirtd.service network.target NetworkManager.service", "BlockIOAccounting": "no", "BlockIOWeight": "18446744073709551615", "BusName": "org.fedoraproject.FirewallD1", "CPUAccounting": "no", "CPUQuotaPerSecUSec": "infinity", "CPUSchedulingPolicy": "0", "CPUSchedulingPriority": "0", "CPUSchedulingResetOnFork": "no", "CPUShares": "18446744073709551615", "CanIsolate": "no", "CanReload": "yes", "CanStart": "yes", "CanStop": "yes", "CapabilityBoundingSet": "18446744073709551615", "ConditionResult": "yes", "ConditionTimestamp": "Thu 2018-12-20 09:07:06 CET", "ConditionTimestampMonotonic": "5937065", "Conflicts": "ebtables.service shutdown.target ip6tables.service iptables.service ipset.service", "ControlGroup": "/system.slice/firewalld.service", "ControlPID": "0", "DefaultDependencies": "yes", "Delegate": "no", "Description": "firewalld - dynamic firewall daemon", "DevicePolicy": "auto", "Documentation": "man:firewalld(1)", "EnvironmentFile": "/etc/sysconfig/firewalld (ignore_errors=yes)", "ExecMainCode": "0", "ExecMainExitTimestampMonotonic": "0", "ExecMainPID": "540", "ExecMainStartTimestamp": "Thu 2018-12-20 09:07:06 CET", "ExecMainStartTimestampMonotonic": "5941592", "ExecMainStatus": "0", "ExecReload": "{ path=/bin/kill ; argv[]=/bin/kill -HUP $MAINPID ; ignore_errors=no ; start_time=[n/a] ; stop_time=[n/a] ; pid=0 ; code=(null) ; status=0/0 }", "ExecStart": "{ path=/usr/sbin/firewalld ; argv[]=/usr/sbin/firewalld --nofork --nopid $FIREWALLD_ARGS ; ignore_errors=no ; start_time=[n/a] ; stop_time=[n/a] ; pid=0 ; code=(null) ; status=0/0 }", "FailureAction": "none", "FileDescriptorStoreMax": "0", "FragmentPath": "/usr/lib/systemd/system/firewalld.service", "GuessMainPID": "yes", "IOScheduling": "0", "Id": "firewalld.service", "IgnoreOnIsolate": "no", "IgnoreOnSnapshot": "no", "IgnoreSIGPIPE": "yes", "InactiveEnterTimestampMonotonic": "0", "InactiveExitTimestamp": "Thu 2018-12-20 09:07:06 CET", "InactiveExitTimestampMonotonic": "5941647", "JobTimeoutAction": "none", "JobTimeoutUSec": "0", "KillMode": "control-group", "KillSignal": "15", "LimitAS": "18446744073709551615", "LimitCORE": "18446744073709551615", "LimitCPU": "18446744073709551615", "LimitDATA": "18446744073709551615", "LimitFSIZE": "18446744073709551615", "LimitLOCKS": "18446744073709551615", "LimitMEMLOCK": "65536", "LimitMSGQUEUE": "819200", "LimitNICE": "0", "LimitNOFILE": "4096", "LimitNPROC": "1801", "LimitRSS": "18446744073709551615", "LimitRTPRIO": "0", "LimitRTTIME": "18446744073709551615", "LimitSIGPENDING": "1801", "LimitSTACK": "18446744073709551615", "LoadState": "loaded", "MainPID": "540", "MemoryAccounting": "no", "MemoryCurrent": "18446744073709551615", "MemoryLimit": "18446744073709551615", "MountFlags": "0", "Names": "firewalld.service", "NeedDaemonReload": "no", "Nice": "0", "NoNewPrivileges": "no", "NonBlocking": "no", "NotifyAccess": "none", "OOMScoreAdjust": "0", "OnFailureJobMode": "replace", "PermissionsStartOnly": "no", "PrivateDevices": "no", "PrivateNetwork": "no", "PrivateTmp": "no", "ProtectHome": "no", "ProtectSystem": "no", "RefuseManualStart": "no", "RefuseManualStop": "no", "RemainAfterExit": "no", "Requires": "basic.target", "Restart": "no", "RestartUSec": "100ms", "Result": "success", "RootDirectoryStartOnly": "no", "RuntimeDirectoryMode": "0755", "SameProcessGroup": "no", "SecureBits": "0", "SendSIGHUP": "no", "SendSIGKILL": "yes", "Slice": "system.slice", "StandardError": "null", "StandardInput": "null", "StandardOutput": "null", "StartLimitAction": "none", "StartLimitBurst": "5", "StartLimitInterval": "10000000", "StartupBlockIOWeight": "18446744073709551615", "StartupCPUShares": "18446744073709551615", "StatusErrno": "0", "StopWhenUnneeded": "no", "SubState": "running", "SyslogLevelPrefix": "yes", "SyslogPriority": "30", "SystemCallErrorNumber": "0", "TTYReset": "no", "TTYVHangup": "no", "TTYVTDisallocate": "no", "TimeoutStartUSec": "1min 30s", "TimeoutStopUSec": "1min 30s", "TimerSlackNSec": "50000", "Transient": "no", "Type": "dbus", "UMask": "0022", "UnitFilePreset": "enabled", "UnitFileState": "enabled", "WantedBy": "basic.target", "Wants": "system.slice", "WatchdogTimestamp": "Thu 2018-12-20 09:07:08 CET", "WatchdogTimestampMonotonic": "7190929", "WatchdogUSec": "0"}}
2018-12-20 10:23:10,309 p=3633 u=student |  TASK [configure firewall for samba] *****************************************************************************************************************************************************
2018-12-20 10:23:10,309 p=3633 u=student |  task path: /home/student/troubleshooting/samba.yml:37
2018-12-20 10:23:11,115 p=3633 u=student |  ok: [servera.lab.example.com] => {"changed": false, "msg": "Permanent and Non-Permanent(immediate) operation"}
2018-12-20 10:23:11,120 p=3633 u=student |  TASK [deliver samba config] *************************************************************************************************************************************************************
2018-12-20 10:23:11,120 p=3633 u=student |  task path: /home/student/troubleshooting/samba.yml:44
2018-12-20 10:23:12,354 p=3633 u=student |  changed: [servera.lab.example.com] => {"changed": true, "checksum": "e5c193ef622bac5e1f767b0da6c8c73bd109b1fa", "dest": "/etc/samba/smb.conf", "gid": 0, "group": "root", "md5sum": "de5ab1b3e53382b59239b9ad300cc887", "mode": "0644", "owner": "root", "secontext": "system_u:object_r:samba_etc_t:s0", "size": 520, "src": "/home/devops/.ansible/tmp/ansible-tmp-1545297791.65-199423304509245/source", "state": "file", "uid": 0}
2018-12-20 10:23:12,355 p=3633 u=student |  META: ran handlers
2018-12-20 10:23:12,355 p=3633 u=student |  META: ran handlers
2018-12-20 10:23:12,356 p=3633 u=student |  PLAY RECAP ******************************************************************************************************************************************************************************
2018-12-20 10:23:12,357 p=3633 u=student |  servera.lab.example.com    : ok=8    changed=1    unreachable=0    failed=0   
2018-12-20 10:23:56,671 p=3726 u=student |  Using /home/student/troubleshooting/ansible.cfg as config file
2018-12-20 10:23:56,867 p=3726 u=student |  PLAYBOOK: samba.yml *********************************************************************************************************************************************************************
2018-12-20 10:23:56,867 p=3726 u=student |  1 plays in samba.yml
2018-12-20 10:23:56,897 p=3726 u=student |  PLAY [Install a samba server] ***********************************************************************************************************************************************************
2018-12-20 10:23:56,949 p=3726 u=student |  TASK [Gathering Facts] ******************************************************************************************************************************************************************
2018-12-20 10:23:57,650 p=3726 u=student |  ok: [servera.lab.example.com]
2018-12-20 10:23:57,650 p=3726 u=student |  META: ran handlers
2018-12-20 10:23:57,654 p=3726 u=student |  TASK [install samba] ********************************************************************************************************************************************************************
2018-12-20 10:23:57,654 p=3726 u=student |  task path: /home/student/troubleshooting/samba.yml:11
2018-12-20 10:23:58,318 p=3726 u=student |  ok: [servera.lab.example.com] => {"changed": false, "msg": "", "rc": 0, "results": ["samba-4.4.4-9.el7.x86_64 providing samba is already installed"]}
2018-12-20 10:23:58,321 p=3726 u=student |  TASK [install firewalld] ****************************************************************************************************************************************************************
2018-12-20 10:23:58,321 p=3726 u=student |  task path: /home/student/troubleshooting/samba.yml:16
2018-12-20 10:23:58,817 p=3726 u=student |  ok: [servera.lab.example.com] => {"changed": false, "msg": "", "rc": 0, "results": ["firewalld-0.4.3.2-8.el7.noarch providing firewalld is already installed"]}
2018-12-20 10:23:58,822 p=3726 u=student |  TASK [debug installed variable] *********************************************************************************************************************************************************
2018-12-20 10:23:58,822 p=3726 u=student |  task path: /home/student/troubleshooting/samba.yml:21
2018-12-20 10:23:58,845 p=3726 u=student |  ok: [servera.lab.example.com] => {
    "msg": "The state for the samba service is installed"
}
2018-12-20 10:23:58,849 p=3726 u=student |  TASK [start samba] **********************************************************************************************************************************************************************
2018-12-20 10:23:58,850 p=3726 u=student |  task path: /home/student/troubleshooting/samba.yml:25
2018-12-20 10:23:59,312 p=3726 u=student |  ok: [servera.lab.example.com] => {"changed": false, "enabled": true, "name": "smb", "state": "started", "status": {"ActiveEnterTimestamp": "Thu 2018-12-20 10:22:45 CET", "ActiveEnterTimestampMonotonic": "4545044329", "ActiveExitTimestampMonotonic": "0", "ActiveState": "active", "After": "nmb.service basic.target network.target winbind.service systemd-journald.socket syslog.target system.slice", "AllowIsolate": "no", "AssertResult": "yes", "AssertTimestamp": "Thu 2018-12-20 10:22:45 CET", "AssertTimestampMonotonic": "4544870866", "Before": "multi-user.target shutdown.target", "BlockIOAccounting": "no", "BlockIOWeight": "18446744073709551615", "CPUAccounting": "no", "CPUQuotaPerSecUSec": "infinity", "CPUSchedulingPolicy": "0", "CPUSchedulingPriority": "0", "CPUSchedulingResetOnFork": "no", "CPUShares": "18446744073709551615", "CanIsolate": "no", "CanReload": "yes", "CanStart": "yes", "CanStop": "yes", "CapabilityBoundingSet": "18446744073709551615", "ConditionResult": "yes", "ConditionTimestamp": "Thu 2018-12-20 10:22:45 CET", "ConditionTimestampMonotonic": "4544870866", "Conflicts": "shutdown.target", "ControlGroup": "/system.slice/smb.service", "ControlPID": "0", "DefaultDependencies": "yes", "Delegate": "no", "Description": "Samba SMB Daemon", "DevicePolicy": "auto", "Environment": "KRB5CCNAME=FILE:/run/samba/krb5cc_samba", "EnvironmentFile": "/etc/sysconfig/samba (ignore_errors=yes)", "ExecMainCode": "0", "ExecMainExitTimestampMonotonic": "0", "ExecMainPID": "2469", "ExecMainStartTimestamp": "Thu 2018-12-20 10:22:45 CET", "ExecMainStartTimestampMonotonic": "4544918697", "ExecMainStatus": "0", "ExecReload": "{ path=/usr/bin/kill ; argv[]=/usr/bin/kill -HUP $MAINPID ; ignore_errors=no ; start_time=[n/a] ; stop_time=[n/a] ; pid=0 ; code=(null) ; status=0/0 }", "ExecStart": "{ path=/usr/sbin/smbd ; argv[]=/usr/sbin/smbd $SMBDOPTIONS ; ignore_errors=no ; start_time=[Thu 2018-12-20 10:22:45 CET] ; stop_time=[n/a] ; pid=2467 ; code=(null) ; status=0/0 }", "FailureAction": "none", "FileDescriptorStoreMax": "0", "FragmentPath": "/usr/lib/systemd/system/smb.service", "GuessMainPID": "yes", "IOScheduling": "0", "Id": "smb.service", "IgnoreOnIsolate": "no", "IgnoreOnSnapshot": "no", "IgnoreSIGPIPE": "yes", "InactiveEnterTimestampMonotonic": "0", "InactiveExitTimestamp": "Thu 2018-12-20 10:22:45 CET", "InactiveExitTimestampMonotonic": "4544872277", "JobTimeoutAction": "none", "JobTimeoutUSec": "0", "KillMode": "control-group", "KillSignal": "15", "LimitAS": "18446744073709551615", "LimitCORE": "18446744073709551615", "LimitCPU": "18446744073709551615", "LimitDATA": "18446744073709551615", "LimitFSIZE": "18446744073709551615", "LimitLOCKS": "18446744073709551615", "LimitMEMLOCK": "65536", "LimitMSGQUEUE": "819200", "LimitNICE": "0", "LimitNOFILE": "16384", "LimitNPROC": "1801", "LimitRSS": "18446744073709551615", "LimitRTPRIO": "0", "LimitRTTIME": "18446744073709551615", "LimitSIGPENDING": "1801", "LimitSTACK": "18446744073709551615", "LoadState": "loaded", "MainPID": "2469", "MemoryAccounting": "no", "MemoryCurrent": "18446744073709551615", "MemoryLimit": "18446744073709551615", "MountFlags": "0", "Names": "smb.service", "NeedDaemonReload": "no", "Nice": "0", "NoNewPrivileges": "no", "NonBlocking": "no", "NotifyAccess": "all", "OOMScoreAdjust": "0", "OnFailureJobMode": "replace", "PIDFile": "/run/smbd.pid", "PermissionsStartOnly": "no", "PrivateDevices": "no", "PrivateNetwork": "no", "PrivateTmp": "no", "ProtectHome": "no", "ProtectSystem": "no", "RefuseManualStart": "no", "RefuseManualStop": "no", "RemainAfterExit": "no", "Requires": "basic.target", "Restart": "no", "RestartUSec": "100ms", "Result": "success", "RootDirectoryStartOnly": "no", "RuntimeDirectoryMode": "0755", "SameProcessGroup": "no", "SecureBits": "0", "SendSIGHUP": "no", "SendSIGKILL": "yes", "Slice": "system.slice", "StandardError": "inherit", "StandardInput": "null", "StandardOutput": "journal", "StartLimitAction": "none", "StartLimitBurst": "5", "StartLimitInterval": "10000000", "StartupBlockIOWeight": "18446744073709551615", "StartupCPUShares": "18446744073709551615", "StatusErrno": "0", "StatusText": "smbd: ready to serve connections...", "StopWhenUnneeded": "no", "SubState": "running", "SyslogLevelPrefix": "yes", "SyslogPriority": "30", "SystemCallErrorNumber": "0", "TTYReset": "no", "TTYVHangup": "no", "TTYVTDisallocate": "no", "TimeoutStartUSec": "1min 30s", "TimeoutStopUSec": "1min 30s", "TimerSlackNSec": "50000", "Transient": "no", "Type": "notify", "UMask": "0022", "UnitFilePreset": "disabled", "UnitFileState": "enabled", "WantedBy": "multi-user.target", "Wants": "system.slice", "WatchdogTimestamp": "Thu 2018-12-20 10:22:45 CET", "WatchdogTimestampMonotonic": "4545044254", "WatchdogUSec": "0"}}
2018-12-20 10:23:59,316 p=3726 u=student |  TASK [start firewalld] ******************************************************************************************************************************************************************
2018-12-20 10:23:59,316 p=3726 u=student |  task path: /home/student/troubleshooting/samba.yml:31
2018-12-20 10:23:59,672 p=3726 u=student |  ok: [servera.lab.example.com] => {"changed": false, "enabled": true, "name": "firewalld", "state": "started", "status": {"ActiveEnterTimestamp": "Thu 2018-12-20 09:07:08 CET", "ActiveEnterTimestampMonotonic": "7191038", "ActiveExitTimestampMonotonic": "0", "ActiveState": "active", "After": "basic.target system.slice dbus.service polkit.service", "AllowIsolate": "no", "AssertResult": "yes", "AssertTimestamp": "Thu 2018-12-20 09:07:06 CET", "AssertTimestampMonotonic": "5937066", "Before": "shutdown.target libvirtd.service network.target NetworkManager.service", "BlockIOAccounting": "no", "BlockIOWeight": "18446744073709551615", "BusName": "org.fedoraproject.FirewallD1", "CPUAccounting": "no", "CPUQuotaPerSecUSec": "infinity", "CPUSchedulingPolicy": "0", "CPUSchedulingPriority": "0", "CPUSchedulingResetOnFork": "no", "CPUShares": "18446744073709551615", "CanIsolate": "no", "CanReload": "yes", "CanStart": "yes", "CanStop": "yes", "CapabilityBoundingSet": "18446744073709551615", "ConditionResult": "yes", "ConditionTimestamp": "Thu 2018-12-20 09:07:06 CET", "ConditionTimestampMonotonic": "5937065", "Conflicts": "ebtables.service shutdown.target ip6tables.service iptables.service ipset.service", "ControlGroup": "/system.slice/firewalld.service", "ControlPID": "0", "DefaultDependencies": "yes", "Delegate": "no", "Description": "firewalld - dynamic firewall daemon", "DevicePolicy": "auto", "Documentation": "man:firewalld(1)", "EnvironmentFile": "/etc/sysconfig/firewalld (ignore_errors=yes)", "ExecMainCode": "0", "ExecMainExitTimestampMonotonic": "0", "ExecMainPID": "540", "ExecMainStartTimestamp": "Thu 2018-12-20 09:07:06 CET", "ExecMainStartTimestampMonotonic": "5941592", "ExecMainStatus": "0", "ExecReload": "{ path=/bin/kill ; argv[]=/bin/kill -HUP $MAINPID ; ignore_errors=no ; start_time=[n/a] ; stop_time=[n/a] ; pid=0 ; code=(null) ; status=0/0 }", "ExecStart": "{ path=/usr/sbin/firewalld ; argv[]=/usr/sbin/firewalld --nofork --nopid $FIREWALLD_ARGS ; ignore_errors=no ; start_time=[n/a] ; stop_time=[n/a] ; pid=0 ; code=(null) ; status=0/0 }", "FailureAction": "none", "FileDescriptorStoreMax": "0", "FragmentPath": "/usr/lib/systemd/system/firewalld.service", "GuessMainPID": "yes", "IOScheduling": "0", "Id": "firewalld.service", "IgnoreOnIsolate": "no", "IgnoreOnSnapshot": "no", "IgnoreSIGPIPE": "yes", "InactiveEnterTimestampMonotonic": "0", "InactiveExitTimestamp": "Thu 2018-12-20 09:07:06 CET", "InactiveExitTimestampMonotonic": "5941647", "JobTimeoutAction": "none", "JobTimeoutUSec": "0", "KillMode": "control-group", "KillSignal": "15", "LimitAS": "18446744073709551615", "LimitCORE": "18446744073709551615", "LimitCPU": "18446744073709551615", "LimitDATA": "18446744073709551615", "LimitFSIZE": "18446744073709551615", "LimitLOCKS": "18446744073709551615", "LimitMEMLOCK": "65536", "LimitMSGQUEUE": "819200", "LimitNICE": "0", "LimitNOFILE": "4096", "LimitNPROC": "1801", "LimitRSS": "18446744073709551615", "LimitRTPRIO": "0", "LimitRTTIME": "18446744073709551615", "LimitSIGPENDING": "1801", "LimitSTACK": "18446744073709551615", "LoadState": "loaded", "MainPID": "540", "MemoryAccounting": "no", "MemoryCurrent": "18446744073709551615", "MemoryLimit": "18446744073709551615", "MountFlags": "0", "Names": "firewalld.service", "NeedDaemonReload": "no", "Nice": "0", "NoNewPrivileges": "no", "NonBlocking": "no", "NotifyAccess": "none", "OOMScoreAdjust": "0", "OnFailureJobMode": "replace", "PermissionsStartOnly": "no", "PrivateDevices": "no", "PrivateNetwork": "no", "PrivateTmp": "no", "ProtectHome": "no", "ProtectSystem": "no", "RefuseManualStart": "no", "RefuseManualStop": "no", "RemainAfterExit": "no", "Requires": "basic.target", "Restart": "no", "RestartUSec": "100ms", "Result": "success", "RootDirectoryStartOnly": "no", "RuntimeDirectoryMode": "0755", "SameProcessGroup": "no", "SecureBits": "0", "SendSIGHUP": "no", "SendSIGKILL": "yes", "Slice": "system.slice", "StandardError": "null", "StandardInput": "null", "StandardOutput": "null", "StartLimitAction": "none", "StartLimitBurst": "5", "StartLimitInterval": "10000000", "StartupBlockIOWeight": "18446744073709551615", "StartupCPUShares": "18446744073709551615", "StatusErrno": "0", "StopWhenUnneeded": "no", "SubState": "running", "SyslogLevelPrefix": "yes", "SyslogPriority": "30", "SystemCallErrorNumber": "0", "TTYReset": "no", "TTYVHangup": "no", "TTYVTDisallocate": "no", "TimeoutStartUSec": "1min 30s", "TimeoutStopUSec": "1min 30s", "TimerSlackNSec": "50000", "Transient": "no", "Type": "dbus", "UMask": "0022", "UnitFilePreset": "enabled", "UnitFileState": "enabled", "WantedBy": "basic.target", "Wants": "system.slice", "WatchdogTimestamp": "Thu 2018-12-20 09:07:08 CET", "WatchdogTimestampMonotonic": "7190929", "WatchdogUSec": "0"}}
2018-12-20 10:23:59,675 p=3726 u=student |  TASK [configure firewall for samba] *****************************************************************************************************************************************************
2018-12-20 10:23:59,675 p=3726 u=student |  task path: /home/student/troubleshooting/samba.yml:37
2018-12-20 10:24:00,461 p=3726 u=student |  ok: [servera.lab.example.com] => {"changed": false, "msg": "Permanent and Non-Permanent(immediate) operation"}
2018-12-20 10:24:00,465 p=3726 u=student |  TASK [deliver samba config] *************************************************************************************************************************************************************
2018-12-20 10:24:00,465 p=3726 u=student |  task path: /home/student/troubleshooting/samba.yml:44
2018-12-20 10:24:01,650 p=3726 u=student |  ok: [servera.lab.example.com] => {"changed": false, "gid": 0, "group": "root", "mode": "0644", "owner": "root", "path": "/etc/samba/smb.conf", "secontext": "system_u:object_r:samba_etc_t:s0", "size": 520, "state": "file", "uid": 0}
2018-12-20 10:24:01,650 p=3726 u=student |  META: ran handlers
2018-12-20 10:24:01,651 p=3726 u=student |  META: ran handlers
2018-12-20 10:24:01,651 p=3726 u=student |  PLAY RECAP ******************************************************************************************************************************************************************************
2018-12-20 10:24:01,652 p=3726 u=student |  servera.lab.example.com    : ok=8    changed=0    unreachable=0    failed=0   
2018-12-20 11:15:56,424 p=4738 u=student |  PLAY [create mail relay servers] *****************************************************************************************************************
2018-12-20 11:15:56,483 p=4738 u=student |  TASK [Gathering Facts] ***************************************************************************************************************************
2018-12-20 11:15:57,604 p=4738 u=student |  ok: [servera.lab.example.com]
2018-12-20 11:15:57,608 p=4738 u=student |  TASK [install postfix package] *******************************************************************************************************************
2018-12-20 11:16:00,996 p=4738 u=student |  changed: [servera.lab.example.com]
2018-12-20 11:16:01,001 p=4738 u=student |  TASK [install mail config files] *****************************************************************************************************************
2018-12-20 11:16:02,288 p=4738 u=student |  changed: [servera.lab.example.com]
2018-12-20 11:16:02,292 p=4738 u=student |  TASK [check main.cf file] ************************************************************************************************************************
2018-12-20 11:16:02,622 p=4738 u=student |  ok: [servera.lab.example.com]
2018-12-20 11:16:02,626 p=4738 u=student |  TASK [verify main.cf file exists] ****************************************************************************************************************
2018-12-20 11:16:02,650 p=4738 u=student |  ok: [servera.lab.example.com] => {
    "msg": "The main.cf file exists"
}
2018-12-20 11:16:02,654 p=4738 u=student |  TASK [start and enable mail services] ************************************************************************************************************
2018-12-20 11:16:03,653 p=4738 u=student |  changed: [servera.lab.example.com]
2018-12-20 11:16:03,657 p=4738 u=student |  TASK [check for always_bcc] **********************************************************************************************************************
2018-12-20 11:16:04,122 p=4738 u=student |  changed: [servera.lab.example.com]
2018-12-20 11:16:04,126 p=4738 u=student |  TASK [email notification of always_bcc config] ***************************************************************************************************
2018-12-20 11:16:04,145 p=4738 u=student |  skipping: [servera.lab.example.com]
2018-12-20 11:16:04,145 p=4738 u=student |  RUNNING HANDLER [restart postfix] ****************************************************************************************************************
2018-12-20 11:16:04,940 p=4738 u=student |  changed: [servera.lab.example.com]
2018-12-20 11:16:04,942 p=4738 u=student |  PLAY RECAP ***************************************************************************************************************************************
2018-12-20 11:16:04,942 p=4738 u=student |  servera.lab.example.com    : ok=8    changed=5    unreachable=0    failed=0   
2018-12-20 11:16:17,098 p=4829 u=student |  PLAY [create mail relay servers] *****************************************************************************************************************
2018-12-20 11:16:17,152 p=4829 u=student |  TASK [Gathering Facts] ***************************************************************************************************************************
2018-12-20 11:16:17,933 p=4829 u=student |  ok: [servera.lab.example.com]
2018-12-20 11:16:17,937 p=4829 u=student |  TASK [install postfix package] *******************************************************************************************************************
2018-12-20 11:16:18,665 p=4829 u=student |  ok: [servera.lab.example.com]
2018-12-20 11:16:18,669 p=4829 u=student |  TASK [install mail config files] *****************************************************************************************************************
2018-12-20 11:16:19,917 p=4829 u=student |  ok: [servera.lab.example.com]
2018-12-20 11:16:19,923 p=4829 u=student |  TASK [check main.cf file] ************************************************************************************************************************
2018-12-20 11:16:20,347 p=4829 u=student |  ok: [servera.lab.example.com]
2018-12-20 11:16:20,352 p=4829 u=student |  TASK [verify main.cf file exists] ****************************************************************************************************************
2018-12-20 11:16:20,378 p=4829 u=student |  ok: [servera.lab.example.com] => {
    "msg": "The main.cf file exists"
}
2018-12-20 11:16:20,383 p=4829 u=student |  TASK [start and enable mail services] ************************************************************************************************************
2018-12-20 11:16:20,888 p=4829 u=student |  ok: [servera.lab.example.com]
2018-12-20 11:16:20,892 p=4829 u=student |  TASK [check for always_bcc] **********************************************************************************************************************
2018-12-20 11:16:21,371 p=4829 u=student |  skipping: [servera.lab.example.com]
2018-12-20 11:16:21,377 p=4829 u=student |  TASK [email notification of always_bcc config] ***************************************************************************************************
2018-12-20 11:16:21,400 p=4829 u=student |  fatal: [servera.lab.example.com]: FAILED! => {"failed": true, "msg": "The conditional check 'bcc_state.stdout != 'always_bcc ='' failed. The error was: error while evaluating conditional (bcc_state.stdout != 'always_bcc ='): 'dict object' has no attribute 'stdout'\n\nThe error appears to have been in '/home/student/troubleshooting/mailrelay.yml': line 42, column 7, but may\nbe elsewhere in the file depending on the exact syntax problem.\n\nThe offending line appears to be:\n\n\n    - name: email notification of always_bcc config\n      ^ here\n"}
2018-12-20 11:16:21,403 p=4829 u=student |  	to retry, use: --limit @/home/student/troubleshooting/mailrelay.retry

2018-12-20 11:16:21,403 p=4829 u=student |  PLAY RECAP ***************************************************************************************************************************************
2018-12-20 11:16:21,404 p=4829 u=student |  servera.lab.example.com    : ok=6    changed=0    unreachable=0    failed=1   
2018-12-20 11:17:43,419 p=4927 u=student |   [WARNING]: No hosts matched, nothing to do

2018-12-20 11:17:57,456 p=4939 u=student |  servera.lab.example.com | SUCCESS | rc=0 >>
# Ansible managed
#
# Global Postfix configuration file. This file lists only a subset
# of all parameters. For the syntax, and for a complete parameter
# list, see the postconf(5) manual page (command: "man 5 postconf").
#
# For common configuration examples, see BASIC_CONFIGURATION_README
# and STANDARD_CONFIGURATION_README. To find these documents, use
# the command "postconf html_directory readme_directory", or go to
# http://www.postfix.org/.

2018-12-20 11:21:24,874 p=5048 u=student |  PLAY [create mail relay servers] *****************************************************************************************************************
2018-12-20 11:21:24,931 p=5048 u=student |  TASK [Gathering Facts] ***************************************************************************************************************************
2018-12-20 11:21:26,106 p=5048 u=student |  ok: [servera.lab.example.com]
2018-12-20 11:21:26,113 p=5048 u=student |  TASK [install postfix package] *******************************************************************************************************************
2018-12-20 11:21:26,848 p=5048 u=student |  ok: [servera.lab.example.com]
2018-12-20 11:21:26,852 p=5048 u=student |  TASK [install mail config files] *****************************************************************************************************************
2018-12-20 11:21:27,972 p=5048 u=student |  ok: [servera.lab.example.com]
2018-12-20 11:21:27,976 p=5048 u=student |  TASK [check main.cf file] ************************************************************************************************************************
2018-12-20 11:21:28,307 p=5048 u=student |  ok: [servera.lab.example.com]
2018-12-20 11:21:28,311 p=5048 u=student |  TASK [verify main.cf file exists] ****************************************************************************************************************
2018-12-20 11:21:28,335 p=5048 u=student |  ok: [servera.lab.example.com] => {
    "msg": "The main.cf file exists"
}
2018-12-20 11:21:28,343 p=5048 u=student |  TASK [start and enable mail services] ************************************************************************************************************
2018-12-20 11:21:28,897 p=5048 u=student |  ok: [servera.lab.example.com]
2018-12-20 11:21:28,901 p=5048 u=student |  TASK [start and enable smtp service] *************************************************************************************************************
2018-12-20 11:21:29,261 p=5048 u=student |  fatal: [servera.lab.example.com]: FAILED! => {"changed": false, "failed": true, "msg": "Could not find the requested service smtpd: host"}
2018-12-20 11:21:29,263 p=5048 u=student |  	to retry, use: --limit @/home/student/troubleshooting/mailrelay.retry

2018-12-20 11:21:29,263 p=5048 u=student |  PLAY RECAP ***************************************************************************************************************************************
2018-12-20 11:21:29,263 p=5048 u=student |  servera.lab.example.com    : ok=6    changed=0    unreachable=0    failed=1   
2018-12-20 11:22:57,217 p=5146 u=student |  PLAY [create mail relay servers] *****************************************************************************************************************
2018-12-20 11:22:57,271 p=5146 u=student |  TASK [Gathering Facts] ***************************************************************************************************************************
2018-12-20 11:22:59,449 p=5146 u=student |  ok: [servera.lab.example.com]
2018-12-20 11:22:59,453 p=5146 u=student |  TASK [install postfix package] *******************************************************************************************************************
2018-12-20 11:23:00,182 p=5146 u=student |  ok: [servera.lab.example.com]
2018-12-20 11:23:00,186 p=5146 u=student |  TASK [install mail config files] *****************************************************************************************************************
2018-12-20 11:23:01,492 p=5146 u=student |  ok: [servera.lab.example.com]
2018-12-20 11:23:01,496 p=5146 u=student |  TASK [check main.cf file] ************************************************************************************************************************
2018-12-20 11:23:01,829 p=5146 u=student |  ok: [servera.lab.example.com]
2018-12-20 11:23:01,834 p=5146 u=student |  TASK [verify main.cf file exists] ****************************************************************************************************************
2018-12-20 11:23:01,860 p=5146 u=student |  ok: [servera.lab.example.com] => {
    "msg": "The main.cf file exists"
}
2018-12-20 11:23:01,864 p=5146 u=student |  TASK [start and enable mail services] ************************************************************************************************************
2018-12-20 11:23:02,386 p=5146 u=student |  ok: [servera.lab.example.com]
2018-12-20 11:23:02,393 p=5146 u=student |  TASK [enable smtp thougt firewall] ***************************************************************************************************************
2018-12-20 11:23:03,303 p=5146 u=student |  changed: [servera.lab.example.com]
2018-12-20 11:23:03,308 p=5146 u=student |  TASK [check for always_bcc] **********************************************************************************************************************
2018-12-20 11:23:03,776 p=5146 u=student |  changed: [servera.lab.example.com]
2018-12-20 11:23:03,780 p=5146 u=student |  TASK [email notification of always_bcc config] ***************************************************************************************************
2018-12-20 11:23:03,798 p=5146 u=student |  skipping: [servera.lab.example.com]
2018-12-20 11:23:03,800 p=5146 u=student |  PLAY RECAP ***************************************************************************************************************************************
2018-12-20 11:23:03,800 p=5146 u=student |  servera.lab.example.com    : ok=8    changed=2    unreachable=0    failed=0   
2018-12-20 11:24:16,995 p=5242 u=student |  servera.lab.example.com | SUCCESS | rc=0 >>
# Ansible managed
#
# Global Postfix configuration file. This file lists only a subset
# of all parameters. For the syntax, and for a complete parameter
# list, see the postconf(5) manual page (command: "man 5 postconf").
#
# For common configuration examples, see BASIC_CONFIGURATION_README
# and STANDARD_CONFIGURATION_README. To find these documents, use
# the command "postconf html_directory readme_directory", or go to
# http://www.postfix.org/.

2018-12-20 11:24:46,050 p=5275 u=student |  servera.lab.example.com | SUCCESS | rc=0 >>
dhcpv6-client ssh samba smtp

